<?xml version="1.0" encoding="UTF-8"?>
<!-- Generated by org.testng.reporters.JUnitXMLReporter -->
<testsuite hostname="DESKTOP-RUV174U" ignored="8" name="Test" tests="16" failures="1" timestamp="2021-06-02T15:15:35 IST" time="64.443" errors="0">
  <testcase name="verifyLeadwithmandatoryfields_TC01" time="3.266" classname="com.vtiger.tests.LeadTests"/>
  <testcase name="verifyLeadwithAllFields_TC02" time="5.123" classname="com.vtiger.tests.LeadTests"/>
  <testcase name="verifydeleteLead_TC03" time="4.268" classname="com.vtiger.tests.LeadTests"/>
  <testcase name="verifychangeLeadStatus_TC04" time="1.059" classname="com.vtiger.tests.LeadTests"/>
  <testcase name="verifysearchLead_TC05" time="3.479" classname="com.vtiger.tests.LeadTests"/>
  <testcase name="verifyCalendar_TC01" time="5.181" classname="com.vtiger.tests.CalenderTest"/>
  <testcase name="verifyCreateNewProduct_TC01" time="2.191" classname="com.vtiger.tests.ProductsTests">
    <failure type="org.openqa.selenium.NoAlertPresentException" message="no such alert
  (Session info: chrome=90.0.4430.212)
Build info: version: &amp;apos;3.141.59&amp;apos;, revision: &amp;apos;e82be7d358&amp;apos;, time: &amp;apos;2018-11-14T08:17:03&amp;apos;
System info: host: &amp;apos;DESKTOP-RUV174U&amp;apos;, ip: &amp;apos;192.168.0.100&amp;apos;, os.name: &amp;apos;Windows 10&amp;apos;, os.arch: &amp;apos;amd64&amp;apos;, os.version: &amp;apos;10.0&amp;apos;, java.version: &amp;apos;1.8.0_281&amp;apos;
Driver info: org.openqa.selenium.chrome.ChromeDriver
Capabilities {acceptInsecureCerts: false, browserName: chrome, browserVersion: 90.0.4430.212, chrome: {chromedriverVersion: 90.0.4430.24 (4c6d850f087da..., userDataDir: C:\Users\Ravindra\AppData\L...}, goog:chromeOptions: {debuggerAddress: localhost:60765}, javascriptEnabled: true, networkConnectionEnabled: false, pageLoadStrategy: normal, platform: WINDOWS, platformName: WINDOWS, proxy: Proxy(), setWindowRect: true, strictFileInteractability: false, timeouts: {implicit: 0, pageLoad: 300000, script: 30000}, unhandledPromptBehavior: dismiss and notify, webauthn:extension:largeBlob: true, webauthn:virtualAuthenticators: true}
Session ID: 146b959a9e7c5a5264b1e29b09388742">
      <![CDATA[org.openqa.selenium.NoAlertPresentException: no such alert
  (Session info: chrome=90.0.4430.212)
Build info: version: '3.141.59', revision: 'e82be7d358', time: '2018-11-14T08:17:03'
System info: host: 'DESKTOP-RUV174U', ip: '192.168.0.100', os.name: 'Windows 10', os.arch: 'amd64', os.version: '10.0', java.version: '1.8.0_281'
Driver info: org.openqa.selenium.chrome.ChromeDriver
Capabilities {acceptInsecureCerts: false, browserName: chrome, browserVersion: 90.0.4430.212, chrome: {chromedriverVersion: 90.0.4430.24 (4c6d850f087da..., userDataDir: C:\Users\Ravindra\AppData\L...}, goog:chromeOptions: {debuggerAddress: localhost:60765}, javascriptEnabled: true, networkConnectionEnabled: false, pageLoadStrategy: normal, platform: WINDOWS, platformName: WINDOWS, proxy: Proxy(), setWindowRect: true, strictFileInteractability: false, timeouts: {implicit: 0, pageLoad: 300000, script: 30000}, unhandledPromptBehavior: dismiss and notify, webauthn:extension:largeBlob: true, webauthn:virtualAuthenticators: true}
Session ID: 146b959a9e7c5a5264b1e29b09388742
at org.openqa.selenium.remote.http.W3CHttpResponseCodec.createException(W3CHttpResponseCodec.java:187)
at org.openqa.selenium.remote.http.W3CHttpResponseCodec.decode(W3CHttpResponseCodec.java:122)
at org.openqa.selenium.remote.http.W3CHttpResponseCodec.decode(W3CHttpResponseCodec.java:49)
at org.openqa.selenium.remote.HttpCommandExecutor.execute(HttpCommandExecutor.java:158)
at org.openqa.selenium.remote.service.DriverCommandExecutor.execute(DriverCommandExecutor.java:83)
at org.openqa.selenium.remote.RemoteWebDriver.execute(RemoteWebDriver.java:552)
at org.openqa.selenium.remote.RemoteWebDriver.execute(RemoteWebDriver.java:609)
at org.openqa.selenium.remote.RemoteWebDriver$RemoteTargetLocator.alert(RemoteWebDriver.java:932)
at com.vtiger.pages.ProductsPage.CreateNewProduct(ProductsPage.java:61)
at com.vtiger.tests.ProductsTests.verifyCreateNewProduct_TC01(ProductsTests.java:16)
at java.util.ArrayList.forEach(ArrayList.java:1259)
... Removed 31 stack frames]]>
    </failure>
  </testcase> <!-- verifyCreateNewProduct_TC01 -->
  <testcase name="verifySubMenusOnProductsPage_TC02" time="1.62" classname="com.vtiger.tests.ProductsTests"/>
  <testcase name="verifyAccountSearch_TC01" time="2.122" classname="com.vtiger.tests.AccountTests"/>
  <testcase name="verifyCreateNewAccountWithMandatoryField_TC03" time="2.673" classname="com.vtiger.tests.AccountTests"/>
  <testcase name="verifySubMenu_TC02" time="2.268" classname="com.vtiger.tests.AccountTests"/>
  <testcase name="verifyNewEvent_TC01" time="2.792" classname="com.vtiger.tests.ActivitiesTests"/>
  <testcase name="verifyActionsOnActivities_TC02" time="9.0" classname="com.vtiger.tests.ActivitiesTests"/>
  <testcase name="verifyValidLogin_TC01" time="9.222" classname="com.vtiger.tests.LoginTests"/>
  <testcase name="verifyInvalidLogin_TC02" time="5.547" classname="com.vtiger.tests.LoginTests"/>
  <testcase name="verifyElementsOnLoginPage_TC03" time="4.512" classname="com.vtiger.tests.LoginTests"/>
  <testcase name="@BeforeSuite readSetting" time="0.0" classname="com.vtiger.tests.BaseTests">
    <ignored/>
  </testcase> <!-- @BeforeSuite readSetting -->
  <testcase name="@BeforeSuite readSetting" time="0.0" classname="com.vtiger.tests.BaseTests">
    <ignored/>
  </testcase> <!-- @BeforeSuite readSetting -->
  <testcase name="@BeforeSuite readSetting" time="0.0" classname="com.vtiger.tests.BaseTests">
    <ignored/>
  </testcase> <!-- @BeforeSuite readSetting -->
  <testcase name="@BeforeSuite readSetting" time="0.0" classname="com.vtiger.tests.BaseTests">
    <ignored/>
  </testcase> <!-- @BeforeSuite readSetting -->
  <testcase name="@AfterSuite CloseBrowser" time="0.0" classname="com.vtiger.tests.BaseTests">
    <ignored/>
  </testcase> <!-- @AfterSuite CloseBrowser -->
  <testcase name="@AfterSuite CloseBrowser" time="0.0" classname="com.vtiger.tests.BaseTests">
    <ignored/>
  </testcase> <!-- @AfterSuite CloseBrowser -->
  <testcase name="@AfterSuite CloseBrowser" time="0.0" classname="com.vtiger.tests.BaseTests">
    <ignored/>
  </testcase> <!-- @AfterSuite CloseBrowser -->
  <testcase name="@AfterSuite CloseBrowser" time="0.0" classname="com.vtiger.tests.BaseTests">
    <ignored/>
  </testcase> <!-- @AfterSuite CloseBrowser -->
</testsuite> <!-- Test -->
