<html>
<head>
<title>TestNG:  Test</title>
<link href="../testng.css" rel="stylesheet" type="text/css" />
<link href="../my-testng.css" rel="stylesheet" type="text/css" />

<style type="text/css">
.log { display: none;} 
.stack-trace { display: none;} 
</style>
<script type="text/javascript">
<!--
function flip(e) {
  current = e.style.display;
  if (current == 'block') {
    e.style.display = 'none';
    return 0;
  }
  else {
    e.style.display = 'block';
    return 1;
  }
}

function toggleBox(szDivId, elem, msg1, msg2)
{
  var res = -1;  if (document.getElementById) {
    res = flip(document.getElementById(szDivId));
  }
  else if (document.all) {
    // this is the way old msie versions work
    res = flip(document.all[szDivId]);
  }
  if(elem) {
    if(res == 0) elem.innerHTML = msg1; else elem.innerHTML = msg2;
  }

}

function toggleAllBoxes() {
  if (document.getElementsByTagName) {
    d = document.getElementsByTagName('div');
    for (i = 0; i < d.length; i++) {
      if (d[i].className == 'log') {
        flip(d[i]);
      }
    }
  }
}

// -->
</script>

</head>
<body>
<h2 align='center'>Test</h2><table border='1' align="center">
<tr>
<td>Tests passed/Failed/Skipped:</td><td>15/1/0</td>
</tr><tr>
<td>Started on:</td><td>Wed Jun 02 15:14:31 IST 2021</td>
</tr>
<tr><td>Total time:</td><td>64 seconds (64443 ms)</td>
</tr><tr>
<td>Included groups:</td><td></td>
</tr><tr>
<td>Excluded groups:</td><td></td>
</tr>
</table><p/>
<small><i>(Hover the method name to see the test class name)</i></small><p/>
<table width='100%' border='1' class='invocation-failed'>
<tr><td colspan='4' align='center'><b>FAILED TESTS</b></td></tr>
<tr><td><b>Test method</b></td>
<td width="30%"><b>Exception</b></td>
<td width="10%"><b>Time (seconds)</b></td>
<td><b>Instance</b></td>
</tr>
<tr>
<td title='com.vtiger.tests.ProductsTests.verifyCreateNewProduct_TC01()'><b>verifyCreateNewProduct_TC01</b><br>Test class: com.vtiger.tests.ProductsTests</td>
<td><div><pre>org.openqa.selenium.NoAlertPresentException: no such alert
  (Session info: chrome=90.0.4430.212)
Build info: version: &apos;3.141.59&apos;, revision: &apos;e82be7d358&apos;, time: &apos;2018-11-14T08:17:03&apos;
System info: host: &apos;DESKTOP-RUV174U&apos;, ip: &apos;192.168.0.100&apos;, os.name: &apos;Windows 10&apos;, os.arch: &apos;amd64&apos;, os.version: &apos;10.0&apos;, java.version: &apos;1.8.0_281&apos;
Driver info: org.openqa.selenium.chrome.ChromeDriver
Capabilities {acceptInsecureCerts: false, browserName: chrome, browserVersion: 90.0.4430.212, chrome: {chromedriverVersion: 90.0.4430.24 (4c6d850f087da..., userDataDir: C:\Users\Ravindra\AppData\L...}, goog:chromeOptions: {debuggerAddress: localhost:60765}, javascriptEnabled: true, networkConnectionEnabled: false, pageLoadStrategy: normal, platform: WINDOWS, platformName: WINDOWS, proxy: Proxy(), setWindowRect: true, strictFileInteractability: false, timeouts: {implicit: 0, pageLoad: 300000, script: 30000}, unhandledPromptBehavior: dismiss and notify, webauthn:extension:largeBlob: true, webauthn:virtualAuthenticators: true}
Session ID: 146b959a9e7c5a5264b1e29b09388742
	at org.openqa.selenium.remote.http.W3CHttpResponseCodec.createException(W3CHttpResponseCodec.java:187)
	at org.openqa.selenium.remote.http.W3CHttpResponseCodec.decode(W3CHttpResponseCodec.java:122)
	at org.openqa.selenium.remote.http.W3CHttpResponseCodec.decode(W3CHttpResponseCodec.java:49)
	at org.openqa.selenium.remote.HttpCommandExecutor.execute(HttpCommandExecutor.java:158)
	at org.openqa.selenium.remote.service.DriverCommandExecutor.execute(DriverCommandExecutor.java:83)
	at org.openqa.selenium.remote.RemoteWebDriver.execute(RemoteWebDriver.java:552)
	at org.openqa.selenium.remote.RemoteWebDriver.execute(RemoteWebDriver.java:609)
	at org.openqa.selenium.remote.RemoteWebDriver$RemoteTargetLocator.alert(RemoteWebDriver.java:932)
	at com.vtiger.pages.ProductsPage.CreateNewProduct(ProductsPage.java:61)
	at com.vtiger.tests.ProductsTests.verifyCreateNewProduct_TC01(ProductsTests.java:16)
	at java.util.ArrayList.forEach(ArrayList.java:1259)
... Removed 31 stack frames</pre></div><a href='#' onClick='toggleBox("stack-trace46852536", this, "Click to show all stack frames", "Click to hide stack frames")'>Click to show all stack frames</a>
<div class='stack-trace' id='stack-trace46852536'><pre>org.openqa.selenium.NoAlertPresentException: no such alert
  (Session info: chrome=90.0.4430.212)
Build info: version: &apos;3.141.59&apos;, revision: &apos;e82be7d358&apos;, time: &apos;2018-11-14T08:17:03&apos;
System info: host: &apos;DESKTOP-RUV174U&apos;, ip: &apos;192.168.0.100&apos;, os.name: &apos;Windows 10&apos;, os.arch: &apos;amd64&apos;, os.version: &apos;10.0&apos;, java.version: &apos;1.8.0_281&apos;
Driver info: org.openqa.selenium.chrome.ChromeDriver
Capabilities {acceptInsecureCerts: false, browserName: chrome, browserVersion: 90.0.4430.212, chrome: {chromedriverVersion: 90.0.4430.24 (4c6d850f087da..., userDataDir: C:\Users\Ravindra\AppData\L...}, goog:chromeOptions: {debuggerAddress: localhost:60765}, javascriptEnabled: true, networkConnectionEnabled: false, pageLoadStrategy: normal, platform: WINDOWS, platformName: WINDOWS, proxy: Proxy(), setWindowRect: true, strictFileInteractability: false, timeouts: {implicit: 0, pageLoad: 300000, script: 30000}, unhandledPromptBehavior: dismiss and notify, webauthn:extension:largeBlob: true, webauthn:virtualAuthenticators: true}
Session ID: 146b959a9e7c5a5264b1e29b09388742
	at sun.reflect.NativeConstructorAccessorImpl.newInstance0(Native Method)
	at sun.reflect.NativeConstructorAccessorImpl.newInstance(NativeConstructorAccessorImpl.java:62)
	at sun.reflect.DelegatingConstructorAccessorImpl.newInstance(DelegatingConstructorAccessorImpl.java:45)
	at java.lang.reflect.Constructor.newInstance(Constructor.java:423)
	at org.openqa.selenium.remote.http.W3CHttpResponseCodec.createException(W3CHttpResponseCodec.java:187)
	at org.openqa.selenium.remote.http.W3CHttpResponseCodec.decode(W3CHttpResponseCodec.java:122)
	at org.openqa.selenium.remote.http.W3CHttpResponseCodec.decode(W3CHttpResponseCodec.java:49)
	at org.openqa.selenium.remote.HttpCommandExecutor.execute(HttpCommandExecutor.java:158)
	at org.openqa.selenium.remote.service.DriverCommandExecutor.execute(DriverCommandExecutor.java:83)
	at org.openqa.selenium.remote.RemoteWebDriver.execute(RemoteWebDriver.java:552)
	at org.openqa.selenium.remote.RemoteWebDriver.execute(RemoteWebDriver.java:609)
	at org.openqa.selenium.remote.RemoteWebDriver$RemoteTargetLocator.alert(RemoteWebDriver.java:932)
	at com.vtiger.pages.ProductsPage.CreateNewProduct(ProductsPage.java:61)
	at com.vtiger.tests.ProductsTests.verifyCreateNewProduct_TC01(ProductsTests.java:16)
	at sun.reflect.NativeMethodAccessorImpl.invoke0(Native Method)
	at sun.reflect.NativeMethodAccessorImpl.invoke(NativeMethodAccessorImpl.java:62)
	at sun.reflect.DelegatingMethodAccessorImpl.invoke(DelegatingMethodAccessorImpl.java:43)
	at java.lang.reflect.Method.invoke(Method.java:498)
	at org.testng.internal.MethodInvocationHelper.invokeMethod(MethodInvocationHelper.java:133)
	at org.testng.internal.TestInvoker.invokeMethod(TestInvoker.java:598)
	at org.testng.internal.TestInvoker.invokeTestMethod(TestInvoker.java:173)
	at org.testng.internal.MethodRunner.runInSequence(MethodRunner.java:46)
	at org.testng.internal.TestInvoker$MethodInvocationAgent.invoke(TestInvoker.java:824)
	at org.testng.internal.TestInvoker.invokeTestMethods(TestInvoker.java:146)
	at org.testng.internal.TestMethodWorker.invokeTestMethods(TestMethodWorker.java:146)
	at org.testng.internal.TestMethodWorker.run(TestMethodWorker.java:128)
	at java.util.ArrayList.forEach(ArrayList.java:1259)
	at org.testng.TestRunner.privateRun(TestRunner.java:794)
	at org.testng.TestRunner.run(TestRunner.java:596)
	at org.testng.SuiteRunner.runTest(SuiteRunner.java:377)
	at org.testng.SuiteRunner.runSequentially(SuiteRunner.java:371)
	at org.testng.SuiteRunner.privateRun(SuiteRunner.java:332)
	at org.testng.SuiteRunner.run(SuiteRunner.java:276)
	at org.testng.SuiteRunnerWorker.runSuite(SuiteRunnerWorker.java:53)
	at org.testng.SuiteRunnerWorker.run(SuiteRunnerWorker.java:96)
	at org.testng.TestNG.runSuitesSequentially(TestNG.java:1212)
	at org.testng.TestNG.runSuitesLocally(TestNG.java:1134)
	at org.testng.TestNG.runSuites(TestNG.java:1063)
	at org.testng.TestNG.run(TestNG.java:1031)
	at org.testng.remote.AbstractRemoteTestNG.run(AbstractRemoteTestNG.java:115)
	at org.testng.remote.RemoteTestNG.initAndRun(RemoteTestNG.java:251)
	at org.testng.remote.RemoteTestNG.main(RemoteTestNG.java:77)
</pre></div></td>
<td>2</td>
<td>com.vtiger.tests.ProductsTests@1060b431</td></tr>
</table><p>
<table width='100%' border='1' class='invocation-passed'>
<tr><td colspan='4' align='center'><b>PASSED TESTS</b></td></tr>
<tr><td><b>Test method</b></td>
<td width="30%"><b>Exception</b></td>
<td width="10%"><b>Time (seconds)</b></td>
<td><b>Instance</b></td>
</tr>
<tr>
<td title='com.vtiger.tests.ActivitiesTests.verifyNewEvent_TC01()'><b>verifyNewEvent_TC01</b><br>Test class: com.vtiger.tests.ActivitiesTests</td>
<td></td>
<td>2</td>
<td>com.vtiger.tests.ActivitiesTests@11758f2a</td></tr>
<tr>
<td title='com.vtiger.tests.LeadTests.verifyLeadwithAllFields_TC02()'><b>verifyLeadwithAllFields_TC02</b><br>Test class: com.vtiger.tests.LeadTests</td>
<td></td>
<td>5</td>
<td>com.vtiger.tests.LeadTests@3aeaafa6</td></tr>
<tr>
<td title='com.vtiger.tests.AccountTests.verifySubMenu_TC02()'><b>verifySubMenu_TC02</b><br>Test class: com.vtiger.tests.AccountTests</td>
<td></td>
<td>2</td>
<td>com.vtiger.tests.AccountTests@612679d6</td></tr>
<tr>
<td title='com.vtiger.tests.ActivitiesTests.verifyActionsOnActivities_TC02()'><b>verifyActionsOnActivities_TC02</b><br>Test class: com.vtiger.tests.ActivitiesTests</td>
<td></td>
<td>9</td>
<td>com.vtiger.tests.ActivitiesTests@11758f2a</td></tr>
<tr>
<td title='com.vtiger.tests.ProductsTests.verifySubMenusOnProductsPage_TC02()'><b>verifySubMenusOnProductsPage_TC02</b><br>Test class: com.vtiger.tests.ProductsTests</td>
<td></td>
<td>1</td>
<td>com.vtiger.tests.ProductsTests@1060b431</td></tr>
<tr>
<td title='com.vtiger.tests.AccountTests.verifyAccountSearch_TC01()'><b>verifyAccountSearch_TC01</b><br>Test class: com.vtiger.tests.AccountTests</td>
<td></td>
<td>2</td>
<td>com.vtiger.tests.AccountTests@612679d6</td></tr>
<tr>
<td title='com.vtiger.tests.CalenderTest.verifyCalendar_TC01()'><b>verifyCalendar_TC01</b><br>Test class: com.vtiger.tests.CalenderTest</td>
<td></td>
<td>5</td>
<td>com.vtiger.tests.CalenderTest@eafc191</td></tr>
<tr>
<td title='com.vtiger.tests.LeadTests.verifydeleteLead_TC03()'><b>verifydeleteLead_TC03</b><br>Test class: com.vtiger.tests.LeadTests</td>
<td></td>
<td>4</td>
<td>com.vtiger.tests.LeadTests@3aeaafa6</td></tr>
<tr>
<td title='com.vtiger.tests.LeadTests.verifychangeLeadStatus_TC04()'><b>verifychangeLeadStatus_TC04</b><br>Test class: com.vtiger.tests.LeadTests</td>
<td></td>
<td>1</td>
<td>com.vtiger.tests.LeadTests@3aeaafa6</td></tr>
<tr>
<td title='com.vtiger.tests.LoginTests.verifyValidLogin_TC01()'><b>verifyValidLogin_TC01</b><br>Test class: com.vtiger.tests.LoginTests</td>
<td></td>
<td>9</td>
<td>com.vtiger.tests.LoginTests@e720b71</td></tr>
<tr>
<td title='com.vtiger.tests.LoginTests.verifyElementsOnLoginPage_TC03()'><b>verifyElementsOnLoginPage_TC03</b><br>Test class: com.vtiger.tests.LoginTests</td>
<td></td>
<td>4</td>
<td>com.vtiger.tests.LoginTests@e720b71</td></tr>
<tr>
<td title='com.vtiger.tests.LoginTests.verifyInvalidLogin_TC02()'><b>verifyInvalidLogin_TC02</b><br>Test class: com.vtiger.tests.LoginTests</td>
<td></td>
<td>5</td>
<td>com.vtiger.tests.LoginTests@e720b71</td></tr>
<tr>
<td title='com.vtiger.tests.LeadTests.verifyLeadwithmandatoryfields_TC01()'><b>verifyLeadwithmandatoryfields_TC01</b><br>Test class: com.vtiger.tests.LeadTests</td>
<td></td>
<td>3</td>
<td>com.vtiger.tests.LeadTests@3aeaafa6</td></tr>
<tr>
<td title='com.vtiger.tests.LeadTests.verifysearchLead_TC05()'><b>verifysearchLead_TC05</b><br>Test class: com.vtiger.tests.LeadTests</td>
<td></td>
<td>3</td>
<td>com.vtiger.tests.LeadTests@3aeaafa6</td></tr>
<tr>
<td title='com.vtiger.tests.AccountTests.verifyCreateNewAccountWithMandatoryField_TC03()'><b>verifyCreateNewAccountWithMandatoryField_TC03</b><br>Test class: com.vtiger.tests.AccountTests</td>
<td></td>
<td>2</td>
<td>com.vtiger.tests.AccountTests@612679d6</td></tr>
</table><p>
</body>
</html>